13/09 14:23:00 START Process request started
..check connect database
can't connect to database
13/09 14:23:22 ERROR Error: com.mysql.jdbc.exceptions.jdbc4.CommunicationsException: Communications link failure

The last packet sent successfully to the server was 0 milliseconds ago. The driver has not received any packets from the server.
13/09 14:23:22 ERROR Error occured: null
..check connect database
can't connect to database
13/09 14:23:44 ERROR Error: com.mysql.jdbc.exceptions.jdbc4.CommunicationsException: Communications link failure

The last packet sent successfully to the server was 0 milliseconds ago. The driver has not received any packets from the server.
13/09 14:23:44 ERROR Error occured: null
..check connect database
can't connect to database
13/09 14:24:06 ERROR Error: com.mysql.jdbc.exceptions.jdbc4.CommunicationsException: Communications link failure

The last packet sent successfully to the server was 0 milliseconds ago. The driver has not received any packets from the server.
13/09 14:24:06 ERROR Error occured: null
..check connect database
can't connect to database
13/09 14:24:28 ERROR Error: com.mysql.jdbc.exceptions.jdbc4.CommunicationsException: Communications link failure

The last packet sent successfully to the server was 0 milliseconds ago. The driver has not received any packets from the server.
13/09 14:24:28 ERROR Error occured: null
..check connect database
can't connect to database
13/09 14:24:50 ERROR Error: com.mysql.jdbc.exceptions.jdbc4.CommunicationsException: Communications link failure

The last packet sent successfully to the server was 0 milliseconds ago. The driver has not received any packets from the server.
13/09 14:24:50 ERROR Error occured: null
..check connect database
can't connect to database
13/09 14:25:12 ERROR Error: com.mysql.jdbc.exceptions.jdbc4.CommunicationsException: Communications link failure

The last packet sent successfully to the server was 0 milliseconds ago. The driver has not received any packets from the server.
13/09 14:25:12 ERROR Error occured: null
..check connect database
can't connect to database
13/09 14:25:35 ERROR Error: com.mysql.jdbc.exceptions.jdbc4.CommunicationsException: Communications link failure

The last packet sent successfully to the server was 0 milliseconds ago. The driver has not received any packets from the server.
13/09 14:25:35 ERROR Error occured: null
..check connect database
can't connect to database
13/09 14:25:57 ERROR Error: com.mysql.jdbc.exceptions.jdbc4.CommunicationsException: Communications link failure

The last packet sent successfully to the server was 0 milliseconds ago. The driver has not received any packets from the server.
13/09 14:25:57 ERROR Error occured: null
..check connect database
can't connect to database
13/09 14:26:19 ERROR Error: com.mysql.jdbc.exceptions.jdbc4.CommunicationsException: Communications link failure

The last packet sent successfully to the server was 0 milliseconds ago. The driver has not received any packets from the server.
13/09 14:26:19 ERROR Error occured: null
..check connect database
can't connect to database
13/09 14:26:41 ERROR Error: com.mysql.jdbc.exceptions.jdbc4.CommunicationsException: Communications link failure

The last packet sent successfully to the server was 0 milliseconds ago. The driver has not received any packets from the server.
13/09 14:26:41 ERROR Error occured: null
..check connect database
can't connect to database
13/09 14:27:03 ERROR Error: com.mysql.jdbc.exceptions.jdbc4.CommunicationsException: Communications link failure

The last packet sent successfully to the server was 0 milliseconds ago. The driver has not received any packets from the server.
13/09 14:27:03 ERROR Error occured: null
..check connect database
can't connect to database
13/09 14:27:25 ERROR Error: com.mysql.jdbc.exceptions.jdbc4.CommunicationsException: Communications link failure

The last packet sent successfully to the server was 0 milliseconds ago. The driver has not received any packets from the server.
13/09 14:27:25 ERROR Error occured: null
..check connect database
can't connect to database
13/09 14:27:47 ERROR Error: com.mysql.jdbc.exceptions.jdbc4.CommunicationsException: Communications link failure

The last packet sent successfully to the server was 0 milliseconds ago. The driver has not received any packets from the server.
13/09 14:27:47 ERROR Error occured: null
..check connect database
can't connect to database
13/09 14:28:09 ERROR Error: com.mysql.jdbc.exceptions.jdbc4.CommunicationsException: Communications link failure

The last packet sent successfully to the server was 0 milliseconds ago. The driver has not received any packets from the server.
13/09 14:28:09 ERROR Error occured: null
..check connect database
can't connect to database
13/09 14:28:31 ERROR Error: com.mysql.jdbc.exceptions.jdbc4.CommunicationsException: Communications link failure

The last packet sent successfully to the server was 0 milliseconds ago. The driver has not received any packets from the server.
13/09 14:28:31 ERROR Error occured: null
..check connect database
can't connect to database
13/09 14:28:53 ERROR Error: com.mysql.jdbc.exceptions.jdbc4.CommunicationsException: Communications link failure

The last packet sent successfully to the server was 0 milliseconds ago. The driver has not received any packets from the server.
13/09 14:28:53 ERROR Error occured: null
..check connect database
can't connect to database
13/09 14:29:15 ERROR Error: com.mysql.jdbc.exceptions.jdbc4.CommunicationsException: Communications link failure

The last packet sent successfully to the server was 0 milliseconds ago. The driver has not received any packets from the server.
13/09 14:29:15 ERROR Error occured: null
..check connect database
can't connect to database
13/09 14:29:37 ERROR Error: com.mysql.jdbc.exceptions.jdbc4.CommunicationsException: Communications link failure

The last packet sent successfully to the server was 0 milliseconds ago. The driver has not received any packets from the server.
13/09 14:29:37 ERROR Error occured: null
..check connect database
can't connect to database
13/09 14:29:59 ERROR Error: com.mysql.jdbc.exceptions.jdbc4.CommunicationsException: Communications link failure

The last packet sent successfully to the server was 0 milliseconds ago. The driver has not received any packets from the server.
13/09 14:29:59 ERROR Error occured: null
..check connect database
can't connect to database
13/09 14:30:21 ERROR Error: com.mysql.jdbc.exceptions.jdbc4.CommunicationsException: Communications link failure

The last packet sent successfully to the server was 0 milliseconds ago. The driver has not received any packets from the server.
13/09 14:30:21 ERROR Error occured: null
..check connect database
can't connect to database
13/09 14:30:43 ERROR Error: com.mysql.jdbc.exceptions.jdbc4.CommunicationsException: Communications link failure

The last packet sent successfully to the server was 0 milliseconds ago. The driver has not received any packets from the server.
13/09 14:30:43 ERROR Error occured: null
..check connect database
can't connect to database
13/09 14:31:05 ERROR Error: com.mysql.jdbc.exceptions.jdbc4.CommunicationsException: Communications link failure

The last packet sent successfully to the server was 0 milliseconds ago. The driver has not received any packets from the server.
13/09 14:31:05 ERROR Error occured: null
..check connect database
can't connect to database
13/09 14:31:27 ERROR Error: com.mysql.jdbc.exceptions.jdbc4.CommunicationsException: Communications link failure

The last packet sent successfully to the server was 0 milliseconds ago. The driver has not received any packets from the server.
13/09 14:31:27 ERROR Error occured: null
..check connect database
can't connect to database
13/09 14:31:49 ERROR Error: com.mysql.jdbc.exceptions.jdbc4.CommunicationsException: Communications link failure

The last packet sent successfully to the server was 0 milliseconds ago. The driver has not received any packets from the server.
13/09 14:31:49 ERROR Error occured: null
..check connect database
can't connect to database
13/09 14:32:11 ERROR Error: com.mysql.jdbc.exceptions.jdbc4.CommunicationsException: Communications link failure

The last packet sent successfully to the server was 0 milliseconds ago. The driver has not received any packets from the server.
13/09 14:32:11 ERROR Error occured: null
..check connect database
can't connect to database
13/09 14:32:33 ERROR Error: com.mysql.jdbc.exceptions.jdbc4.CommunicationsException: Communications link failure

The last packet sent successfully to the server was 0 milliseconds ago. The driver has not received any packets from the server.
13/09 14:32:33 ERROR Error occured: null
..check connect database
can't connect to database
13/09 14:32:55 ERROR Error: com.mysql.jdbc.exceptions.jdbc4.CommunicationsException: Communications link failure

The last packet sent successfully to the server was 0 milliseconds ago. The driver has not received any packets from the server.
13/09 14:32:55 ERROR Error occured: null
..check connect database
can't connect to database
13/09 14:33:17 ERROR Error: com.mysql.jdbc.exceptions.jdbc4.CommunicationsException: Communications link failure

The last packet sent successfully to the server was 0 milliseconds ago. The driver has not received any packets from the server.
13/09 14:33:17 ERROR Error occured: null
..check connect database
can't connect to database
13/09 14:33:39 ERROR Error: com.mysql.jdbc.exceptions.jdbc4.CommunicationsException: Communications link failure

The last packet sent successfully to the server was 0 milliseconds ago. The driver has not received any packets from the server.
13/09 14:33:39 ERROR Error occured: null
..check connect database
can't connect to database
13/09 14:34:01 ERROR Error: com.mysql.jdbc.exceptions.jdbc4.CommunicationsException: Communications link failure

The last packet sent successfully to the server was 0 milliseconds ago. The driver has not received any packets from the server.
13/09 14:34:01 ERROR Error occured: null
..check connect database
can't connect to database
13/09 14:34:23 ERROR Error: com.mysql.jdbc.exceptions.jdbc4.CommunicationsException: Communications link failure

The last packet sent successfully to the server was 0 milliseconds ago. The driver has not received any packets from the server.
13/09 14:34:23 ERROR Error occured: null
..check connect database
can't connect to database
13/09 14:34:45 ERROR Error: com.mysql.jdbc.exceptions.jdbc4.CommunicationsException: Communications link failure

The last packet sent successfully to the server was 0 milliseconds ago. The driver has not received any packets from the server.
13/09 14:34:46 ERROR Error occured: null
..check connect database
can't connect to database
13/09 14:35:08 ERROR Error: com.mysql.jdbc.exceptions.jdbc4.CommunicationsException: Communications link failure

The last packet sent successfully to the server was 0 milliseconds ago. The driver has not received any packets from the server.
13/09 14:35:08 ERROR Error occured: null
..check connect database
can't connect to database
13/09 14:35:30 ERROR Error: com.mysql.jdbc.exceptions.jdbc4.CommunicationsException: Communications link failure

The last packet sent successfully to the server was 0 milliseconds ago. The driver has not received any packets from the server.
13/09 14:35:30 ERROR Error occured: null
..check connect database
can't connect to database
13/09 14:35:52 ERROR Error: com.mysql.jdbc.exceptions.jdbc4.CommunicationsException: Communications link failure

The last packet sent successfully to the server was 0 milliseconds ago. The driver has not received any packets from the server.
13/09 14:35:52 ERROR Error occured: null
..check connect database
can't connect to database
13/09 14:36:14 ERROR Error: com.mysql.jdbc.exceptions.jdbc4.CommunicationsException: Communications link failure

The last packet sent successfully to the server was 0 milliseconds ago. The driver has not received any packets from the server.
13/09 14:36:14 ERROR Error occured: null
..check connect database
can't connect to database
13/09 14:36:36 ERROR Error: com.mysql.jdbc.exceptions.jdbc4.CommunicationsException: Communications link failure

The last packet sent successfully to the server was 0 milliseconds ago. The driver has not received any packets from the server.
13/09 14:36:36 ERROR Error occured: null
..check connect database
can't connect to database
13/09 14:36:58 ERROR Error: com.mysql.jdbc.exceptions.jdbc4.CommunicationsException: Communications link failure

The last packet sent successfully to the server was 0 milliseconds ago. The driver has not received any packets from the server.
13/09 14:36:58 ERROR Error occured: null
..check connect database
can't connect to database
13/09 14:37:20 ERROR Error: com.mysql.jdbc.exceptions.jdbc4.CommunicationsException: Communications link failure

The last packet sent successfully to the server was 0 milliseconds ago. The driver has not received any packets from the server.
13/09 14:37:20 ERROR Error occured: null
..check connect database
can't connect to database
13/09 14:37:42 ERROR Error: com.mysql.jdbc.exceptions.jdbc4.CommunicationsException: Communications link failure

The last packet sent successfully to the server was 0 milliseconds ago. The driver has not received any packets from the server.
13/09 14:37:42 ERROR Error occured: null
..check connect database
can't connect to database
13/09 14:38:04 ERROR Error: com.mysql.jdbc.exceptions.jdbc4.CommunicationsException: Communications link failure

The last packet sent successfully to the server was 0 milliseconds ago. The driver has not received any packets from the server.
13/09 14:38:04 ERROR Error occured: null
..check connect database
can't connect to database
13/09 14:38:26 ERROR Error: com.mysql.jdbc.exceptions.jdbc4.CommunicationsException: Communications link failure

The last packet sent successfully to the server was 0 milliseconds ago. The driver has not received any packets from the server.
13/09 14:38:26 ERROR Error occured: null
..check connect database
can't connect to database
13/09 14:38:48 ERROR Error: com.mysql.jdbc.exceptions.jdbc4.CommunicationsException: Communications link failure

The last packet sent successfully to the server was 0 milliseconds ago. The driver has not received any packets from the server.
13/09 14:38:48 ERROR Error occured: null
..check connect database
can't connect to database
13/09 14:39:10 ERROR Error: com.mysql.jdbc.exceptions.jdbc4.CommunicationsException: Communications link failure

The last packet sent successfully to the server was 0 milliseconds ago. The driver has not received any packets from the server.
13/09 14:39:10 ERROR Error occured: null
..check connect database
can't connect to database
13/09 14:39:32 ERROR Error: com.mysql.jdbc.exceptions.jdbc4.CommunicationsException: Communications link failure

The last packet sent successfully to the server was 0 milliseconds ago. The driver has not received any packets from the server.
13/09 14:39:32 ERROR Error occured: null
..check connect database
can't connect to database
13/09 14:39:54 ERROR Error: com.mysql.jdbc.exceptions.jdbc4.CommunicationsException: Communications link failure

The last packet sent successfully to the server was 0 milliseconds ago. The driver has not received any packets from the server.
13/09 14:39:54 ERROR Error occured: null
..check connect database
can't connect to database
13/09 14:40:16 ERROR Error: com.mysql.jdbc.exceptions.jdbc4.CommunicationsException: Communications link failure

The last packet sent successfully to the server was 0 milliseconds ago. The driver has not received any packets from the server.
13/09 14:40:16 ERROR Error occured: null
..check connect database
can't connect to database
13/09 14:40:38 ERROR Error: com.mysql.jdbc.exceptions.jdbc4.CommunicationsException: Communications link failure

The last packet sent successfully to the server was 0 milliseconds ago. The driver has not received any packets from the server.
13/09 14:40:38 ERROR Error occured: null
..check connect database
can't connect to database
13/09 14:41:00 ERROR Error: com.mysql.jdbc.exceptions.jdbc4.CommunicationsException: Communications link failure

The last packet sent successfully to the server was 0 milliseconds ago. The driver has not received any packets from the server.
13/09 14:41:00 ERROR Error occured: null
..check connect database
can't connect to database
13/09 14:41:22 ERROR Error: com.mysql.jdbc.exceptions.jdbc4.CommunicationsException: Communications link failure

The last packet sent successfully to the server was 0 milliseconds ago. The driver has not received any packets from the server.
13/09 14:41:22 ERROR Error occured: null
..check connect database
can't connect to database
13/09 14:41:44 ERROR Error: com.mysql.jdbc.exceptions.jdbc4.CommunicationsException: Communications link failure

The last packet sent successfully to the server was 0 milliseconds ago. The driver has not received any packets from the server.
13/09 14:41:44 ERROR Error occured: null
..check connect database
can't connect to database
13/09 14:42:06 ERROR Error: com.mysql.jdbc.exceptions.jdbc4.CommunicationsException: Communications link failure

The last packet sent successfully to the server was 0 milliseconds ago. The driver has not received any packets from the server.
13/09 14:42:06 ERROR Error occured: null
..check connect database
can't connect to database
13/09 14:42:28 ERROR Error: com.mysql.jdbc.exceptions.jdbc4.CommunicationsException: Communications link failure

The last packet sent successfully to the server was 0 milliseconds ago. The driver has not received any packets from the server.
13/09 14:42:28 ERROR Error occured: null
..check connect database
can't connect to database
13/09 14:42:50 ERROR Error: com.mysql.jdbc.exceptions.jdbc4.CommunicationsException: Communications link failure

The last packet sent successfully to the server was 0 milliseconds ago. The driver has not received any packets from the server.
13/09 14:42:50 ERROR Error occured: null
..check connect database
