18/07 12:10:50 <FONT color="#2266CC"><U>User 'system' connected successfully</U></FONT>
18/07 12:10:54 User 'system' try to start thread 'Robot CollectionDeal Original'
18/07 12:10:55 <FONT color="#0033CC"><B>Robot CollectionDeal Original started</B></FONT>
18/07 12:12:40 User 'system' try to destroy thread 'Robot CollectionDeal Original'
18/07 12:13:23 <FONT color="#2266CC"><U>User 'system' connected successfully</U></FONT>
18/07 12:14:12 <FONT color="#CC6622"><U>User 'system' disconnected</U></FONT>
18/07 12:14:21 <FONT color="#2266CC"><U>User 'system' connected successfully</U></FONT>
18/07 12:14:25 User 'system' try to start thread 'Robot CollectionDeal Original'
18/07 12:14:26 <FONT color="#0033CC"><B>Robot CollectionDeal Original started</B></FONT>
18/07 13:38:18 <FONT color="#CC6622"><U>User 'system' disconnected</U></FONT>
18/07 13:59:06 <FONT color="#2266CC"><U>User 'system' connected successfully</U></FONT>
18/07 13:59:07 <FONT color="#CC6622"><U>User 'system' disconnected</U></FONT>
18/07 13:59:13 <FONT color="#2266CC"><U>User 'system' connected successfully</U></FONT>
18/07 13:59:18 User 'system' try to destroy thread 'Robot CollectionDeal Original'
18/07 14:19:15 User 'system' try to update parameter of thread 'Thread sync request'
18/07 14:19:15 Parameter of thread 'Thread sync request' updated
18/07 14:19:21 <FONT color="#CC6622"><U>User 'system' disconnected</U></FONT>
18/07 14:19:22 <FONT color="#2266CC"><U>User 'system' connected successfully</U></FONT>
18/07 14:19:31 <FONT color="#CC6622"><U>User 'system' disconnected</U></FONT>
18/07 14:20:29 <FONT color="#2266CC"><U>User 'system' connected successfully</U></FONT>
18/07 14:24:06 <FONT color="#2266CC"><U>User 'system' connected successfully</U></FONT>
18/07 14:24:25 User 'system' try to start thread 'Thread sync request'
18/07 14:24:26 <FONT color="#0033CC"><B>Thread sync request started</B></FONT>
18/07 14:24:31 User 'system' try to destroy thread 'Thread sync request'
18/07 14:24:53 <FONT color="#CC6622"><U>User 'system' disconnected</U></FONT>
18/07 14:24:55 <FONT color="#2266CC"><U>User 'system' connected successfully</U></FONT>
18/07 14:25:05 User 'system' try to start thread 'Thread sync request'
18/07 14:25:05 <FONT color="#0033CC"><B>Thread sync request started</B></FONT>
18/07 14:28:48 User 'system' try to destroy thread 'Thread sync request'
18/07 14:38:09 <FONT color="#CC6622"><U>User 'system' disconnected</U></FONT>
18/07 14:53:20 <FONT color="#2266CC"><U>User 'system' connected successfully</U></FONT>
18/07 14:53:25 User 'system' try to start thread 'Process request'
18/07 14:53:26 <FONT color="#0033CC"><B>Process request started</B></FONT>
18/07 14:54:20 <FONT color="#CC6622"><U>User 'system' disconnected</U></FONT>
18/07 14:55:56 <FONT color="#2266CC"><U>User 'system' connected successfully</U></FONT>
18/07 14:56:04 User 'system' try to start thread 'Process request'
18/07 14:56:04 <FONT color="#0033CC"><B>Process request started</B></FONT>
18/07 14:56:14 User 'system' try to destroy thread 'Process request'
18/07 14:57:08 <FONT color="#2266CC"><U>User 'system' connected successfully</U></FONT>
18/07 14:57:12 User 'system' try to start thread 'Process request'
18/07 14:57:12 <FONT color="#0033CC"><B>Process request started</B></FONT>
18/07 14:57:19 User 'system' try to destroy thread 'Process request'
18/07 14:57:32 <FONT color="#CC6622"><U>User 'system' disconnected</U></FONT>
18/07 14:58:42 <FONT color="#2266CC"><U>User 'system' connected successfully</U></FONT>
18/07 14:58:52 User 'system' try to start thread 'Process request'
18/07 14:58:52 <FONT color="#0033CC"><B>Process request started</B></FONT>
18/07 14:59:31 <FONT color="#2266CC"><U>User 'system' connected successfully</U></FONT>
18/07 14:59:39 User 'system' try to update parameter of thread 'Process request'
18/07 14:59:39 Parameter of thread 'Process request' updated
18/07 14:59:46 User 'system' try to start thread 'Process request'
18/07 14:59:47 <FONT color="#0033CC"><B>Process request started</B></FONT>
18/07 15:02:16 <FONT color="#2266CC"><U>User 'system' connected successfully</U></FONT>
18/07 15:07:47 User 'system' try to kick user 'system'
18/07 15:07:47 <FONT color="#CC6622"><U>User 'system' disconnected</U></FONT>
18/07 15:11:45 <FONT color="#2266CC"><U>User 'system' connected successfully</U></FONT>
18/07 15:12:37 User 'system' try to start thread 'Process request'
18/07 15:12:37 <FONT color="#0033CC"><B>Process request started</B></FONT>
18/07 15:13:19 <FONT color="#2266CC"><U>User 'system' connected successfully</U></FONT>
18/07 15:13:22 User 'system' try to start thread 'Process request'
18/07 15:13:23 <FONT color="#0033CC"><B>Process request started</B></FONT>
18/07 15:15:53 <FONT color="#2266CC"><U>User 'system' connected successfully</U></FONT>
18/07 15:16:42 User 'system' try to start thread 'Process request'
18/07 15:16:42 <FONT color="#0033CC"><B>Process request started</B></FONT>
18/07 15:17:02 User 'system' try to destroy thread 'Process request'
18/07 17:42:08 <FONT color="#2266CC"><U>User 'system' connected successfully</U></FONT>
18/07 17:42:23 <FONT color="#CC6622"><U>User 'system' disconnected</U></FONT>
18/07 18:04:08 <FONT color="#2266CC"><U>User 'system' connected successfully</U></FONT>
18/07 18:04:11 User 'system' try to start thread 'Process request'
18/07 18:04:12 <FONT color="#0033CC"><B>Process request started</B></FONT>
18/07 18:04:18 User 'system' try to destroy thread 'Process request'
18/07 18:05:34 User 'system' try to start thread 'Process request'
18/07 18:05:34 <FONT color="#0033CC"><B>Process request started</B></FONT>
18/07 18:05:52 <FONT color="#2266CC"><U>User 'system' connected successfully</U></FONT>
18/07 18:05:55 User 'system' try to start thread 'Process request'
18/07 18:05:56 <FONT color="#0033CC"><B>Process request started</B></FONT>
19/07 09:52:18 <FONT color="#2266CC"><U>User 'system' connected successfully</U></FONT>
19/07 09:52:37 <FONT color="#CC6622"><U>User 'system' disconnected</U></FONT>
19/07 09:52:45 <FONT color="#2266CC"><U>User 'system' connected successfully</U></FONT>
19/07 09:52:50 User 'system' try to start thread 'Process request'
19/07 09:52:50 <FONT color="#0033CC"><B>Process request started</B></FONT>
19/07 09:55:28 <FONT color="#2266CC"><U>User 'system' connected successfully</U></FONT>
19/07 09:55:36 User 'system' try to update parameter of thread 'Process request'
19/07 09:55:36 Parameter of thread 'Process request' updated
19/07 09:55:38 User 'system' try to start thread 'Process request'
19/07 09:55:39 <FONT color="#0033CC"><B>Process request started</B></FONT>
19/07 09:58:42 <FONT color="#CC6622"><U>User 'System' connected failure</U></FONT>
19/07 09:58:56 <FONT color="#2266CC"><U>User 'system' connected successfully</U></FONT>
19/07 09:59:35 <FONT color="#2266CC"><U>User 'system' connected successfully</U></FONT>
19/07 09:59:57 <FONT color="#CC6622"><U>User 'system' disconnected</U></FONT>
19/07 10:00:00 <FONT color="#2266CC"><U>User 'system' connected successfully</U></FONT>
19/07 10:00:12 User 'system' try to start thread 'Process request'
19/07 10:00:12 <FONT color="#0033CC"><B>Process request started</B></FONT>
19/07 11:07:15 <FONT color="#2266CC"><U>User 'system' connected successfully</U></FONT>
19/07 11:07:34 User 'system' try to update parameter of thread 'Process request'
19/07 11:07:34 Parameter of thread 'Process request' updated
19/07 11:07:38 <FONT color="#CC6622"><U>User 'system' disconnected</U></FONT>
19/07 11:07:53 <FONT color="#0033CC"><B>Process request started</B></FONT>
19/07 11:07:59 <FONT color="#2266CC"><U>User 'system' connected successfully</U></FONT>
19/07 11:08:54 <FONT color="#0033CC"><B>Process request started</B></FONT>
19/07 11:09:25 <FONT color="#0033CC"><B>Process request started</B></FONT>
19/07 11:09:27 <FONT color="#2266CC"><U>User 'system' connected successfully</U></FONT>
19/07 11:32:28 <FONT color="#0033CC"><B>Process request started</B></FONT>
19/07 11:32:41 <FONT color="#2266CC"><U>User 'system' connected successfully</U></FONT>
19/07 11:33:22 <FONT color="#0033CC"><B>Process request started</B></FONT>
19/07 11:36:00 <FONT color="#0033CC"><B>Process request started</B></FONT>
19/07 11:44:17 <FONT color="#0033CC"><B>Process request started</B></FONT>
19/07 11:45:53 <FONT color="#0033CC"><B>Process request started</B></FONT>
19/07 11:45:55 <FONT color="#2266CC"><U>User 'system' connected successfully</U></FONT>
19/07 14:13:13 <FONT color="#0033CC"><B>Process request started</B></FONT>
19/07 14:15:19 <FONT color="#0033CC"><B>Process request started</B></FONT>
19/07 14:15:26 <FONT color="#2266CC"><U>User 'system' connected successfully</U></FONT>
19/07 16:33:04 User 'system' try to destroy thread 'Process request'
19/07 16:33:10 <FONT color="#CC6622"><U>User 'system' disconnected</U></FONT>
13/09 14:23:00 <FONT color="#0033CC"><B>Process request started</B></FONT>
13/09 14:43:44 <FONT color="#2266CC"><U>User 'system' connected successfully</U></FONT>
13/09 14:43:59 <FONT color="#CC6622"><U>User 'system' disconnected</U></FONT>
