18/07/2013 12:11:18	1	ERROR	Error occured: Io exception: The Network Adapter could not establish the connection
18/07/2013 12:14:36	1	ERROR	Error occured: null
18/07/2013 12:16:29	1	ERROR	Error occured: null
18/07/2013 12:18:18	1	ERROR	Error occured: null
18/07/2013 12:20:11	1	ERROR	Error occured: Read timed out
18/07/2013 12:22:02	1	ERROR	Error occured: null
18/07/2013 12:23:52	1	ERROR	Error occured: null
18/07/2013 12:25:41	1	ERROR	Error occured: null
18/07/2013 12:27:29	1	ERROR	Error occured: null
18/07/2013 12:29:16	1	ERROR	Error occured: null
18/07/2013 12:31:07	1	ERROR	Error occured: null
18/07/2013 12:32:56	1	ERROR	Error occured: null
18/07/2013 12:34:46	1	ERROR	Error occured: null
18/07/2013 12:36:33	1	ERROR	Error occured: Connection refused: connect
18/07/2013 12:38:21	1	ERROR	Error occured: null
18/07/2013 12:40:12	1	ERROR	Error occured: null
18/07/2013 12:42:01	1	ERROR	Error occured: null
18/07/2013 12:43:48	1	ERROR	Error occured: null
18/07/2013 12:45:36	1	ERROR	Error occured: null
18/07/2013 12:47:24	1	ERROR	Error occured: null
18/07/2013 12:49:13	1	ERROR	Error occured: null
18/07/2013 12:51:01	1	ERROR	Error occured: null
18/07/2013 12:52:51	1	ERROR	Error occured: null
18/07/2013 12:54:40	1	ERROR	Error occured: null
18/07/2013 12:56:27	1	ERROR	Error occured: null
18/07/2013 12:58:14	1	ERROR	Error occured: null
18/07/2013 13:00:01	1	ERROR	Error occured: null
18/07/2013 13:01:55	1	ERROR	Error occured: null
18/07/2013 13:03:44	1	ERROR	Error occured: null
18/07/2013 13:05:34	1	ERROR	Error occured: null
18/07/2013 13:07:23	1	ERROR	Error occured: Connection refused: connect
18/07/2013 13:09:11	1	ERROR	Error occured: null
18/07/2013 13:10:59	1	ERROR	Error occured: null
18/07/2013 13:23:29	1	ERROR	Error occured: Connection refused: connect
18/07/2013 13:25:19	1	ERROR	Error occured: null
18/07/2013 13:27:13	1	ERROR	Error occured: Read timed out
18/07/2013 13:29:04	1	ERROR	Error occured: Read timed out
18/07/2013 13:30:56	1	ERROR	Error occured: connect timed out
18/07/2013 13:36:00	1	ERROR	Error occured: 500 error loading URL http://www.hotdeal.vn/ha-noi/an-uong_557/
18/07/2013 13:37:48	1	ERROR	Error occured: null
18/07/2013 13:39:34	1	ERROR	Error occured: Read timed out
18/07/2013 13:41:14	1	ERROR	Error occured: cucre.vn
18/07/2013 13:42:57	1	ERROR	Error occured: connect timed out
18/07/2013 13:44:50	1	ERROR	Error occured: Connection refused: connect
18/07/2013 13:46:42	1	ERROR	Error occured: Connection refused: connect
18/07/2013 13:48:28	1	ERROR	Error occured: connect timed out
18/07/2013 13:53:32	1	ERROR	Error occured: null
18/07/2013 13:55:21	1	ERROR	Error occured: Read timed out
18/07/2013 13:57:12	1	ERROR	Error occured: null
18/07/2013 13:59:00	1	ERROR	Error occured: null
18/07/2013 14:25:08	1	ERROR	Error occured: connect timed out
18/07/2013 14:26:52	1	ERROR	Error occured: Read timed out
18/07/2013 14:28:41	1	ERROR	Error occured: Read timed out
